<?xml version="1.0" encoding="UTF-8"?>
<testsuite name="latam.qa.testing.service.NumberTest" tests="3" skipped="0" failures="0" errors="0" timestamp="2016-12-05T22:57:16" hostname="eduardo-X555LAB" time="0.003">
  <properties/>
  <testcase name="creatingString_twoSimpleNumbers_mustFail" classname="latam.qa.testing.service.NumberTest" time="0.002"/>
  <testcase name="verificar_divisorEsCero_Falla" classname="latam.qa.testing.service.NumberTest" time="0.0"/>
  <testcase name="creatingString_twoSimpleNumbers_ReturnStringWithCommaBetween" classname="latam.qa.testing.service.NumberTest" time="0.0"/>
  <system-out><![CDATA[]]></system-out>
  <system-err><![CDATA[]]></system-err>
</testsuite>
